<?xml version='1.0' encoding='UTF-8' ?>
<testsuite name="course.labs.activitylab.tests.Test1_StartActivityOneTest" tests="6" failures="0" errors="0" skipped="0" time="50.63" timestamp="2023-10-11T21:43:53" hostname="localhost">
  <properties>
    <property name="device" value="Pixel_3_API_34(AVD) - 14" />
    <property name="flavor" value="" />
    <property name="project" value=":app" />
  </properties>
  <testcase name="testRun" classname="course.labs.activitylab.tests.Test1_StartActivityOneTest" time="5.891" />
  <testcase name="testDoubleRotation" classname="course.labs.activitylab.tests.Test2_DoubleRotateActivityOneTest" time="9.952" />
  <testcase name="testStartActivityTwo" classname="course.labs.activitylab.tests.Test3_StartActivityTwoTest" time="7.345" />
  <testcase name="testDoubleRotateActivityTwo" classname="course.labs.activitylab.tests.Test4_DoubleRotateActivityTwoTest" time="8.127" />
  <testcase name="testCloseActivityTwo" classname="course.labs.activitylab.tests.Test5_CloseActivityTwoTest" time="8.471" />
  <testcase name="testReopenActivityTwo" classname="course.labs.activitylab.tests.Test6_ReopenActivityTwoTest" time="9.584" />
</testsuite>